<?xml version="1.0" encoding="UTF-8"?>
<testng-results ignored="0" total="1" passed="0" failed="1" skipped="0">
  <reporter-output>
    <line>
      <![CDATA[server_Connection done]]>
    </line>
    <line>
      <![CDATA[db connection done]]>
    </line>
    <line>
      <![CDATA[broswerSetup sucessful]]>
    </line>
    <line>
      <![CDATA[login sucessful]]>
    </line>
    <line>
      <![CDATA[TAKING SCREENSHOT---Start--: sendData]]>
    </line>
    <line>
      <![CDATA[TAKING SCREENSHOT---completed--: ]]>
    </line>
    <line>
      <![CDATA[close browser sucessful]]>
    </line>
  </reporter-output>
  <suite started-at="2024-08-08T12:12:24 IST" name="Suite" finished-at="2024-08-08T12:12:28 IST" duration-ms="3927">
    <groups>
    </groups>
    <test started-at="2024-08-08T12:12:24 IST" name="Test" finished-at="2024-08-08T12:12:28 IST" duration-ms="3927">
      <class name="com.flippokart.regester.test.RegisterFormData">
        <test-method is-config="true" signature="serverconnection()[pri:0, instance:com.flippokart.regester.test.RegisterFormData@703580bf]" started-at="2024-08-08T12:12:24 IST" name="serverconnection" finished-at="2024-08-08T12:12:24 IST" duration-ms="10" status="PASS">
          <reporter-output>
            <line>
              <![CDATA[server_Connection done]]>
            </line>
          </reporter-output>
        </test-method> <!-- serverconnection -->
        <test-method is-config="true" signature="dbconnection()[pri:0, instance:com.flippokart.regester.test.RegisterFormData@703580bf]" started-at="2024-08-08T12:12:24 IST" name="dbconnection" finished-at="2024-08-08T12:12:24 IST" duration-ms="0" status="PASS">
          <reporter-output>
            <line>
              <![CDATA[db connection done]]>
            </line>
          </reporter-output>
        </test-method> <!-- dbconnection -->
        <test-method is-config="true" signature="browsersetup(java.lang.String)[pri:0, instance:com.flippokart.regester.test.RegisterFormData@703580bf]" started-at="2024-08-08T12:12:24 IST" name="browsersetup" finished-at="2024-08-08T12:12:26 IST" duration-ms="2204" status="PASS">
          <params>
            <param index="0">
              <value>
                <![CDATA[chrome]]>
              </value>
            </param>
          </params>
          <reporter-output>
            <line>
              <![CDATA[broswerSetup sucessful]]>
            </line>
          </reporter-output>
        </test-method> <!-- browsersetup -->
        <test-method is-config="true" signature="login()[pri:0, instance:com.flippokart.regester.test.RegisterFormData@703580bf]" started-at="2024-08-08T12:12:26 IST" name="login" finished-at="2024-08-08T12:12:26 IST" duration-ms="1" status="PASS">
          <reporter-output>
            <line>
              <![CDATA[login sucessful]]>
            </line>
          </reporter-output>
        </test-method> <!-- login -->
        <test-method signature="sendData()[pri:0, instance:com.flippokart.regester.test.RegisterFormData@703580bf]" started-at="2024-08-08T12:12:26 IST" name="sendData" finished-at="2024-08-08T12:12:28 IST" duration-ms="1426" status="FAIL">
          <exception class="org.openqa.selenium.NoSuchElementException">
            <message>
              <![CDATA[no such element: Unable to locate element: {"method":"css selector","selector":"#feedbac"}
  (Session info: chrome=127.0.6533.99)
For documentation on this error, please visit: https://www.selenium.dev/documentation/webdriver/troubleshooting/errors#no-such-element-exception
Build info: version: '4.20.0', revision: '866c76ca80'
System info: os.name: 'Windows 11', os.arch: 'amd64', os.version: '10.0', java.version: '17.0.9'
Driver info: org.openqa.selenium.chrome.ChromeDriver
Command: [4fab628f8bac0aaedb7fd0b5c413eb91, findElement {using=id, value=feedbac}]
Capabilities {acceptInsecureCerts: false, browserName: chrome, browserVersion: 127.0.6533.99, chrome: {chromedriverVersion: 127.0.6533.99 (f31af5097d90..., userDataDir: C:\Users\vinay\AppData\Loca...}, fedcm:accounts: true, goog:chromeOptions: {debuggerAddress: localhost:54650}, networkConnectionEnabled: false, pageLoadStrategy: normal, platformName: windows, proxy: Proxy(), se:cdp: ws://localhost:54650/devtoo..., se:cdpVersion: 127.0.6533.99, setWindowRect: true, strictFileInteractability: false, timeouts: {implicit: 0, pageLoad: 300000, script: 30000}, unhandledPromptBehavior: dismiss and notify, webauthn:extension:credBlob: true, webauthn:extension:largeBlob: true, webauthn:extension:minPinLength: true, webauthn:extension:prf: true, webauthn:virtualAuthenticators: true}
Session ID: 4fab628f8bac0aaedb7fd0b5c413eb91]]>
            </message>
            <full-stacktrace>
              <![CDATA[org.openqa.selenium.NoSuchElementException: no such element: Unable to locate element: {"method":"css selector","selector":"#feedbac"}
  (Session info: chrome=127.0.6533.99)
For documentation on this error, please visit: https://www.selenium.dev/documentation/webdriver/troubleshooting/errors#no-such-element-exception
Build info: version: '4.20.0', revision: '866c76ca80'
System info: os.name: 'Windows 11', os.arch: 'amd64', os.version: '10.0', java.version: '17.0.9'
Driver info: org.openqa.selenium.chrome.ChromeDriver
Command: [4fab628f8bac0aaedb7fd0b5c413eb91, findElement {using=id, value=feedbac}]
Capabilities {acceptInsecureCerts: false, browserName: chrome, browserVersion: 127.0.6533.99, chrome: {chromedriverVersion: 127.0.6533.99 (f31af5097d90..., userDataDir: C:\Users\vinay\AppData\Loca...}, fedcm:accounts: true, goog:chromeOptions: {debuggerAddress: localhost:54650}, networkConnectionEnabled: false, pageLoadStrategy: normal, platformName: windows, proxy: Proxy(), se:cdp: ws://localhost:54650/devtoo..., se:cdpVersion: 127.0.6533.99, setWindowRect: true, strictFileInteractability: false, timeouts: {implicit: 0, pageLoad: 300000, script: 30000}, unhandledPromptBehavior: dismiss and notify, webauthn:extension:credBlob: true, webauthn:extension:largeBlob: true, webauthn:extension:minPinLength: true, webauthn:extension:prf: true, webauthn:virtualAuthenticators: true}
Session ID: 4fab628f8bac0aaedb7fd0b5c413eb91
at java.base/jdk.internal.reflect.NativeConstructorAccessorImpl.newInstance0(Native Method)
at java.base/jdk.internal.reflect.NativeConstructorAccessorImpl.newInstance(NativeConstructorAccessorImpl.java:77)
at java.base/jdk.internal.reflect.DelegatingConstructorAccessorImpl.newInstance(DelegatingConstructorAccessorImpl.java:45)
at java.base/java.lang.reflect.Constructor.newInstanceWithCaller(Constructor.java:499)
at java.base/java.lang.reflect.Constructor.newInstance(Constructor.java:480)
at org.openqa.selenium.remote.ErrorCodec.decode(ErrorCodec.java:167)
at org.openqa.selenium.remote.codec.w3c.W3CHttpResponseCodec.decode(W3CHttpResponseCodec.java:138)
at org.openqa.selenium.remote.codec.w3c.W3CHttpResponseCodec.decode(W3CHttpResponseCodec.java:50)
at org.openqa.selenium.remote.HttpCommandExecutor.execute(HttpCommandExecutor.java:190)
at org.openqa.selenium.remote.service.DriverCommandExecutor.invokeExecute(DriverCommandExecutor.java:216)
at org.openqa.selenium.remote.service.DriverCommandExecutor.execute(DriverCommandExecutor.java:174)
at org.openqa.selenium.remote.RemoteWebDriver.execute(RemoteWebDriver.java:518)
at org.openqa.selenium.remote.ElementLocation$ElementFinder$2.findElement(ElementLocation.java:165)
at org.openqa.selenium.remote.ElementLocation.findElement(ElementLocation.java:59)
at org.openqa.selenium.remote.RemoteWebDriver.findElement(RemoteWebDriver.java:355)
at org.openqa.selenium.remote.RemoteWebDriver.findElement(RemoteWebDriver.java:349)
at com.flippokart.regester.test.RegisterFormData.sendData(RegisterFormData.java:82)
at java.base/jdk.internal.reflect.NativeMethodAccessorImpl.invoke0(Native Method)
at java.base/jdk.internal.reflect.NativeMethodAccessorImpl.invoke(NativeMethodAccessorImpl.java:77)
at java.base/jdk.internal.reflect.DelegatingMethodAccessorImpl.invoke(DelegatingMethodAccessorImpl.java:43)
at java.base/java.lang.reflect.Method.invoke(Method.java:568)
at org.testng.internal.MethodInvocationHelper.invokeMethod(MethodInvocationHelper.java:132)
at org.testng.internal.TestInvoker.invokeMethod(TestInvoker.java:599)
at org.testng.internal.TestInvoker.invokeTestMethod(TestInvoker.java:174)
at org.testng.internal.MethodRunner.runInSequence(MethodRunner.java:46)
at org.testng.internal.TestInvoker$MethodInvocationAgent.invoke(TestInvoker.java:822)
at org.testng.internal.TestInvoker.invokeTestMethods(TestInvoker.java:147)
at org.testng.internal.TestMethodWorker.invokeTestMethods(TestMethodWorker.java:146)
at org.testng.internal.TestMethodWorker.run(TestMethodWorker.java:128)
at java.base/java.util.ArrayList.forEach(ArrayList.java:1511)
at org.testng.TestRunner.privateRun(TestRunner.java:764)
at org.testng.TestRunner.run(TestRunner.java:585)
at org.testng.SuiteRunner.runTest(SuiteRunner.java:384)
at org.testng.SuiteRunner.runSequentially(SuiteRunner.java:378)
at org.testng.SuiteRunner.privateRun(SuiteRunner.java:337)
at org.testng.SuiteRunner.run(SuiteRunner.java:286)
at org.testng.SuiteRunnerWorker.runSuite(SuiteRunnerWorker.java:53)
at org.testng.SuiteRunnerWorker.run(SuiteRunnerWorker.java:96)
at org.testng.TestNG.runSuitesSequentially(TestNG.java:1218)
at org.testng.TestNG.runSuitesLocally(TestNG.java:1140)
at org.testng.TestNG.runSuites(TestNG.java:1069)
at org.testng.TestNG.run(TestNG.java:1037)
at org.testng.remote.AbstractRemoteTestNG.run(AbstractRemoteTestNG.java:115)
at org.testng.remote.RemoteTestNG.initAndRun(RemoteTestNG.java:251)
at org.testng.remote.RemoteTestNG.main(RemoteTestNG.java:77)
]]>
            </full-stacktrace>
          </exception> <!-- org.openqa.selenium.NoSuchElementException -->
          <reporter-output>
            <line>
              <![CDATA[TAKING SCREENSHOT---Start--: sendData]]>
            </line>
            <line>
              <![CDATA[TAKING SCREENSHOT---completed--: ]]>
            </line>
          </reporter-output>
        </test-method> <!-- sendData -->
        <test-method is-config="true" signature="closeBrowser()[pri:0, instance:com.flippokart.regester.test.RegisterFormData@703580bf]" started-at="2024-08-08T12:12:28 IST" name="closeBrowser" finished-at="2024-08-08T12:12:28 IST" duration-ms="117" status="PASS">
          <reporter-output>
            <line>
              <![CDATA[close browser sucessful]]>
            </line>
          </reporter-output>
        </test-method> <!-- closeBrowser -->
      </class> <!-- com.flippokart.regester.test.RegisterFormData -->
    </test> <!-- Test -->
  </suite> <!-- Suite -->
</testng-results>
